Build started 03.09.2021 16:06:07.
     1>Project "E:\InternetFiles\YandexDisk\!\Visual Studio 2010\Projects_C++\NeuralNetwork\NeuralNetwork\NeuralNetwork.vcxproj" on node 3 (build target(s)).
     1>InitializeBuildStatus:
         Touching "Debug\NeuralNetwork.unsuccessfulbuild".
       ClCompile:
         C:\Program Files (x86)\Microsoft Visual Studio 10.0\VC\bin\CL.exe /c /ZI /nologo /W3 /WX- /Od /Oy- /D WIN32 /D _DEBUG /D _CONSOLE /D _UNICODE /D UNICODE /Gm /EHsc /RTC1 /MDd /GS /fp:precise /Zc:wchar_t /Zc:forScope /Fo"Debug\\" /Fd"Debug\vc100.pdb" /Gd /TP /analyze- /errorReport:prompt Matrixes3.cpp RecurrentNeuralNetwork.cpp
         RecurrentNeuralNetwork.cpp
     1>e:\internetfiles\yandexdisk\!\visual studio 2010\projects_c++\neuralnetwork\neuralnetwork\recurrentneuralnetwork.cpp(376): warning C4101: 'datum' : unreferenced local variable
     1>e:\internetfiles\yandexdisk\!\visual studio 2010\projects_c++\neuralnetwork\neuralnetwork\recurrentneuralnetwork.cpp(451): warning C4101: 'datum' : unreferenced local variable
     1>e:\internetfiles\yandexdisk\!\visual studio 2010\projects_c++\neuralnetwork\neuralnetwork\recurrentneuralnetwork.cpp(525): warning C4101: 'datum' : unreferenced local variable
         Matrixes3.cpp
         Generating Code...
       Link:
         C:\Program Files (x86)\Microsoft Visual Studio 10.0\VC\bin\link.exe /ERRORREPORT:PROMPT /OUT:"E:\InternetFiles\YandexDisk\!\Visual Studio 2010\Projects_C++\NeuralNetwork\Debug\NeuralNetwork.exe" /INCREMENTAL:NO /NOLOGO kernel32.lib user32.lib gdi32.lib winspool.lib comdlg32.lib advapi32.lib shell32.lib ole32.lib oleaut32.lib uuid.lib odbc32.lib odbccp32.lib /MANIFEST /ManifestFile:"Debug\NeuralNetwork.exe.intermediate.manifest" /MANIFESTUAC:"level='asInvoker' uiAccess='false'" /DEBUG /PDB:"E:\InternetFiles\YandexDisk\!\Visual Studio 2010\Projects_C++\NeuralNetwork\Debug\NeuralNetwork.pdb" /SUBSYSTEM:CONSOLE /TLBID:1 /DYNAMICBASE /NXCOMPAT /IMPLIB:"E:\InternetFiles\YandexDisk\!\Visual Studio 2010\Projects_C++\NeuralNetwork\Debug\NeuralNetwork.lib" /MACHINE:X86 Debug\Matrixes3.obj
         Debug\RecurrentNeuralNetwork.obj
     1>Matrixes3.obj : warning LNK4075: ignoring '/EDITANDCONTINUE' due to '/INCREMENTAL:NO' specification
     1>MSVCRTD.lib(crtexe.obj) : error LNK2019: unresolved external symbol _main referenced in function ___tmainCRTStartup
     1>E:\InternetFiles\YandexDisk\!\Visual Studio 2010\Projects_C++\NeuralNetwork\Debug\NeuralNetwork.exe : fatal error LNK1120: 1 unresolved externals
     1>Done Building Project "E:\InternetFiles\YandexDisk\!\Visual Studio 2010\Projects_C++\NeuralNetwork\NeuralNetwork\NeuralNetwork.vcxproj" (build target(s)) -- FAILED.

Build FAILED.

Time Elapsed 00:00:04.63
