Build started 17.09.2021 1:37:04.
     1>Project "E:\InternetFiles\YandexDisk\!\Visual Studio 2010\Projects_C++\NeuralNetwork\NeuralNetworkDLL\NeuralNetworkDLL.vcxproj" on node 2 (build target(s)).
     1>InitializeBuildStatus:
         Creating "Debug\NeuralNetworkDLL.unsuccessfulbuild" because "AlwaysCreate" was specified.
       ClCompile:
         All outputs are up-to-date.
         C:\Program Files (x86)\Microsoft Visual Studio 10.0\VC\bin\CL.exe /c /ZI /nologo /W3 /WX- /Od /Oy- /D WIN32 /D _DEBUG /D _WINDOWS /D _USRDLL /D NEURALNETWORKDLL_EXPORTS /D _WINDLL /D _UNICODE /D UNICODE /Gm /EHsc /RTC1 /MDd /GS /fp:precise /Zc:wchar_t /Zc:forScope /Fo"Debug\\" /Fd"Debug\vc100.pdb" /Gd /TP /analyze- /errorReport:prompt NeuralNetworkDLL.cpp
         NeuralNetworkDLL.cpp
     1>e:\internetfiles\yandexdisk\!\visual studio 2010\projects_c++\neuralnetwork\neuralnetworkdll\neuralnetworkdll.cpp(39): warning C4101: 'sumOfErrorsSquares' : unreferenced local variable
     1>e:\internetfiles\yandexdisk\!\visual studio 2010\projects_c++\neuralnetwork\neuralnetworkdll\neuralnetworkdll.cpp(111): warning C4101: 'sumOfErrorsSquares' : unreferenced local variable
       Link:
         C:\Program Files (x86)\Microsoft Visual Studio 10.0\VC\bin\link.exe /ERRORREPORT:PROMPT /OUT:"E:\InternetFiles\YandexDisk\!\Visual Studio 2010\Projects_C++\NeuralNetwork\Debug\NeuralNetwork.dll" /INCREMENTAL:NO /NOLOGO kernel32.lib user32.lib gdi32.lib winspool.lib comdlg32.lib advapi32.lib shell32.lib ole32.lib oleaut32.lib uuid.lib odbc32.lib odbccp32.lib /MANIFEST /ManifestFile:"Debug\NeuralNetwork.dll.intermediate.manifest" /MANIFESTUAC:"level='asInvoker' uiAccess='false'" /DEBUG /PDB:"E:\InternetFiles\YandexDisk\!\Visual Studio 2010\Projects_C++\NeuralNetwork\Debug\NeuralNetwork.pdb" /SUBSYSTEM:WINDOWS /TLBID:1 /DYNAMICBASE /NXCOMPAT /IMPLIB:"E:\InternetFiles\YandexDisk\!\Visual Studio 2010\Projects_C++\NeuralNetwork\Debug\NeuralNetwork.lib" /MACHINE:X86 /DLL Debug\Matrixes3.obj
         Debug\NeuralNetworkDLL.obj
         Debug\RecurrentNeuralNetwork.obj
         Debug\stdafx.obj
     1>Matrixes3.obj : warning LNK4075: ignoring '/EDITANDCONTINUE' due to '/INCREMENTAL:NO' specification
            Creating library E:\InternetFiles\YandexDisk\!\Visual Studio 2010\Projects_C++\NeuralNetwork\Debug\NeuralNetwork.lib and object E:\InternetFiles\YandexDisk\!\Visual Studio 2010\Projects_C++\NeuralNetwork\Debug\NeuralNetwork.exp
         NeuralNetworkDLL.vcxproj -> E:\InternetFiles\YandexDisk\!\Visual Studio 2010\Projects_C++\NeuralNetwork\Debug\NeuralNetwork.dll
       Manifest:
         C:\Program Files (x86)\Microsoft SDKs\Windows\v7.0A\bin\mt.exe /nologo /verbose /outputresource:"E:\InternetFiles\YandexDisk\!\Visual Studio 2010\Projects_C++\NeuralNetwork\Debug\NeuralNetwork.dll;#2" /manifest Debug\NeuralNetwork.dll.intermediate.manifest
       FinalizeBuildStatus:
         Deleting file "Debug\NeuralNetworkDLL.unsuccessfulbuild".
         Touching "Debug\NeuralNetworkDLL.lastbuildstate".
     1>Done Building Project "E:\InternetFiles\YandexDisk\!\Visual Studio 2010\Projects_C++\NeuralNetwork\NeuralNetworkDLL\NeuralNetworkDLL.vcxproj" (build target(s)).

Build succeeded.

Time Elapsed 00:00:01.09
