E:\!\Visual Studio 2010\Experiments_CPP\NeuralNetwork\NeuralNetworkDLL\Debug\cl.command.1.tlog
E:\!\Visual Studio 2010\Experiments_CPP\NeuralNetwork\NeuralNetworkDLL\Debug\CL.read.1.tlog
E:\!\Visual Studio 2010\Experiments_CPP\NeuralNetwork\NeuralNetworkDLL\Debug\CL.write.1.tlog
E:\!\Visual Studio 2010\Experiments_CPP\NeuralNetwork\NeuralNetworkDLL\Debug\link.command.1.tlog
E:\!\Visual Studio 2010\Experiments_CPP\NeuralNetwork\NeuralNetworkDLL\Debug\link.read.1.tlog
E:\!\Visual Studio 2010\Experiments_CPP\NeuralNetwork\NeuralNetworkDLL\Debug\link.write.1.tlog
E:\!\VISUAL STUDIO 2010\EXPERIMENTS_CPP\NEURALNETWORK\NEURALNETWORKDLL\DEBUG\MATRIXES3.OBJ
E:\!\Visual Studio 2010\Experiments_CPP\NeuralNetwork\NeuralNetworkDLL\Debug\NeuralNetworkDLL.dll.embed.manifest
E:\!\VISUAL STUDIO 2010\EXPERIMENTS_CPP\NEURALNETWORK\NEURALNETWORKDLL\DEBUG\NEURALNETWORKDLL.DLL.EMBED.MANIFEST.RES
E:\!\VISUAL STUDIO 2010\EXPERIMENTS_CPP\NEURALNETWORK\NEURALNETWORKDLL\DEBUG\NEURALNETWORKDLL.OBJ
E:\!\VISUAL STUDIO 2010\EXPERIMENTS_CPP\NEURALNETWORK\NEURALNETWORKDLL\DEBUG\NEURALNETWORKDLL.PCH
E:\!\Visual Studio 2010\Experiments_CPP\NeuralNetwork\NeuralNetworkDLL\Debug\NeuralNetworkDLL.write.1.tlog
E:\!\Visual Studio 2010\Experiments_CPP\NeuralNetwork\NeuralNetworkDLL\Debug\NeuralNetworkDLL_manifest.rc
E:\!\Visual Studio 2010\Experiments_CPP\NeuralNetwork\NeuralNetworkDLL\Debug\rc.command.1.tlog
E:\!\Visual Studio 2010\Experiments_CPP\NeuralNetwork\NeuralNetworkDLL\Debug\rc.read.1.tlog
E:\!\Visual Studio 2010\Experiments_CPP\NeuralNetwork\NeuralNetworkDLL\Debug\rc.write.1.tlog
E:\!\VISUAL STUDIO 2010\EXPERIMENTS_CPP\NEURALNETWORK\NEURALNETWORKDLL\DEBUG\RECURRENTNEURALNETWORK.OBJ
E:\!\VISUAL STUDIO 2010\EXPERIMENTS_CPP\NEURALNETWORK\NEURALNETWORKDLL\DEBUG\STDAFX.OBJ
E:\!\Visual Studio 2010\Experiments_CPP\NeuralNetwork\NeuralNetworkDLL\Debug\vc100.idb
E:\!\VISUAL STUDIO 2010\EXPERIMENTS_CPP\NEURALNETWORK\NEURALNETWORKDLL\DEBUG\VC100.PDB
