Build started 03.09.2021 16:06:06.
     1>Project "E:\InternetFiles\YandexDisk\!\Visual Studio 2010\Projects_C++\NeuralNetwork\DataNormalization\DataNormalization.vcxproj" on node 3 (build target(s)).
     1>InitializeBuildStatus:
         Creating "Debug\DataNormalization.unsuccessfulbuild" because "AlwaysCreate" was specified.
       ClCompile:
         C:\Program Files (x86)\Microsoft Visual Studio 10.0\VC\bin\CL.exe /c /ZI /nologo /W3 /WX- /Od /Oy- /D WIN32 /D _DEBUG /D _CONSOLE /D _UNICODE /D UNICODE /Gm /EHsc /RTC1 /MDd /GS /fp:precise /Zc:wchar_t /Zc:forScope /Fo"Debug\\" /Fd"Debug\vc100.pdb" /Gd /TP /analyze- /errorReport:prompt DataNormalization.cpp
         DataNormalization.cpp
       ManifestResourceCompile:
         C:\Program Files (x86)\Microsoft SDKs\Windows\v7.0A\bin\rc.exe /nologo /fo"Debug\DataNormalization.exe.embed.manifest.res" Debug\DataNormalization_manifest.rc 
       Link:
         C:\Program Files (x86)\Microsoft Visual Studio 10.0\VC\bin\link.exe /ERRORREPORT:PROMPT /OUT:"E:\InternetFiles\YandexDisk\!\Visual Studio 2010\Projects_C++\NeuralNetwork\Debug\DataNormalization.exe" /INCREMENTAL /NOLOGO kernel32.lib user32.lib gdi32.lib winspool.lib comdlg32.lib advapi32.lib shell32.lib ole32.lib oleaut32.lib uuid.lib odbc32.lib odbccp32.lib /MANIFEST /ManifestFile:"Debug\DataNormalization.exe.intermediate.manifest" /MANIFESTUAC:"level='asInvoker' uiAccess='false'" /DEBUG /PDB:"E:\InternetFiles\YandexDisk\!\Visual Studio 2010\Projects_C++\NeuralNetwork\Debug\DataNormalization.pdb" /SUBSYSTEM:CONSOLE /TLBID:1 /DYNAMICBASE /NXCOMPAT /IMPLIB:"E:\InternetFiles\YandexDisk\!\Visual Studio 2010\Projects_C++\NeuralNetwork\Debug\DataNormalization.lib" /MACHINE:X86 Debug\DataNormalization.exe.embed.manifest.res
         Debug\DataNormalization.obj
       Manifest:
         Deleting file "Debug\DataNormalization.exe.embed.manifest".
         C:\Program Files (x86)\Microsoft SDKs\Windows\v7.0A\bin\mt.exe /nologo /verbose /out:"Debug\DataNormalization.exe.embed.manifest" /manifest Debug\DataNormalization.exe.intermediate.manifest
         C:\Program Files (x86)\Microsoft SDKs\Windows\v7.0A\bin\rc.exe /nologo /fo"Debug\DataNormalization.exe.embed.manifest.res" Debug\DataNormalization_manifest.rc 
       LinkEmbedManifest:
         C:\Program Files (x86)\Microsoft Visual Studio 10.0\VC\bin\link.exe /ERRORREPORT:PROMPT /OUT:"E:\InternetFiles\YandexDisk\!\Visual Studio 2010\Projects_C++\NeuralNetwork\Debug\DataNormalization.exe" /INCREMENTAL /NOLOGO kernel32.lib user32.lib gdi32.lib winspool.lib comdlg32.lib advapi32.lib shell32.lib ole32.lib oleaut32.lib uuid.lib odbc32.lib odbccp32.lib /MANIFEST /ManifestFile:"Debug\DataNormalization.exe.intermediate.manifest" /MANIFESTUAC:"level='asInvoker' uiAccess='false'" /DEBUG /PDB:"E:\InternetFiles\YandexDisk\!\Visual Studio 2010\Projects_C++\NeuralNetwork\Debug\DataNormalization.pdb" /SUBSYSTEM:CONSOLE /TLBID:1 /DYNAMICBASE /NXCOMPAT /IMPLIB:"E:\InternetFiles\YandexDisk\!\Visual Studio 2010\Projects_C++\NeuralNetwork\Debug\DataNormalization.lib" /MACHINE:X86 Debug\DataNormalization.exe.embed.manifest.res
         Debug\DataNormalization.obj
         DataNormalization.vcxproj -> E:\InternetFiles\YandexDisk\!\Visual Studio 2010\Projects_C++\NeuralNetwork\Debug\DataNormalization.exe
       FinalizeBuildStatus:
         Deleting file "Debug\DataNormalization.unsuccessfulbuild".
         Touching "Debug\DataNormalization.lastbuildstate".
     1>Done Building Project "E:\InternetFiles\YandexDisk\!\Visual Studio 2010\Projects_C++\NeuralNetwork\DataNormalization\DataNormalization.vcxproj" (build target(s)).

Build succeeded.

Time Elapsed 00:00:05.10
