Build started 16.11.2021 21:26:37.
     1>Project "E:\InternetFiles\YandexDisk\!\Visual Studio 2010\Projects_C++\NeuralNetwork\UseNeuralNetwork\UseNeuralNetwork.vcxproj" on node 2 (build target(s)).
     1>InitializeBuildStatus:
         Creating "Debug\UseNeuralNetwork.unsuccessfulbuild" because "AlwaysCreate" was specified.
       ClCompile:
         C:\Program Files (x86)\Microsoft Visual Studio 10.0\VC\bin\CL.exe /c /ZI /nologo /W3 /WX- /Od /Oy- /D WIN32 /D _DEBUG /D _CONSOLE /D _UNICODE /D UNICODE /Gm /EHsc /RTC1 /MDd /GS /fp:precise /Zc:wchar_t /Zc:forScope /Fo"Debug\\" /Fd"Debug\vc100.pdb" /Gd /TP /analyze- /errorReport:prompt UseNeuralNetwork.cpp
         UseNeuralNetwork.cpp
       Link:
         C:\Program Files (x86)\Microsoft Visual Studio 10.0\VC\bin\link.exe /ERRORREPORT:PROMPT /OUT:"E:\InternetFiles\YandexDisk\!\Visual Studio 2010\Projects_C++\NeuralNetwork\Debug\UseNeuralNetwork.exe" /INCREMENTAL:NO /NOLOGO kernel32.lib user32.lib gdi32.lib winspool.lib comdlg32.lib advapi32.lib shell32.lib ole32.lib oleaut32.lib uuid.lib odbc32.lib odbccp32.lib /MANIFEST /ManifestFile:"Debug\UseNeuralNetwork.exe.intermediate.manifest" /MANIFESTUAC:"level='asInvoker' uiAccess='false'" /DEBUG /PDB:"E:\InternetFiles\YandexDisk\!\Visual Studio 2010\Projects_C++\NeuralNetwork\Debug\UseNeuralNetwork.pdb" /SUBSYSTEM:CONSOLE /TLBID:1 /DYNAMICBASE /NXCOMPAT /IMPLIB:"E:\InternetFiles\YandexDisk\!\Visual Studio 2010\Projects_C++\NeuralNetwork\Debug\UseNeuralNetwork.lib" /MACHINE:X86 Debug\Matrixes3.obj
         Debug\RecurrentNeuralNetwork.obj
         Debug\UseNeuralNetwork.obj
     1>Matrixes3.obj : warning LNK4075: ignoring '/EDITANDCONTINUE' due to '/INCREMENTAL:NO' specification
         UseNeuralNetwork.vcxproj -> E:\InternetFiles\YandexDisk\!\Visual Studio 2010\Projects_C++\NeuralNetwork\Debug\UseNeuralNetwork.exe
       Manifest:
         C:\Program Files (x86)\Microsoft SDKs\Windows\v7.0A\bin\mt.exe /nologo /verbose /outputresource:"E:\InternetFiles\YandexDisk\!\Visual Studio 2010\Projects_C++\NeuralNetwork\Debug\UseNeuralNetwork.exe;#1" /manifest Debug\UseNeuralNetwork.exe.intermediate.manifest
       FinalizeBuildStatus:
         Deleting file "Debug\UseNeuralNetwork.unsuccessfulbuild".
         Touching "Debug\UseNeuralNetwork.lastbuildstate".
     1>Done Building Project "E:\InternetFiles\YandexDisk\!\Visual Studio 2010\Projects_C++\NeuralNetwork\UseNeuralNetwork\UseNeuralNetwork.vcxproj" (build target(s)).

Build succeeded.

Time Elapsed 00:00:00.95
