Build started 19.11.2021 23:57:35.
     1>Project "E:\InternetFiles\YandexDisk\!\Visual Studio 2010\Projects_C++\NeuralNetwork\TransformData\TransformData.vcxproj" on node 2 (build target(s)).
     1>InitializeBuildStatus:
         Creating "Debug\TransformData.unsuccessfulbuild" because "AlwaysCreate" was specified.
       ClCompile:
         C:\Program Files (x86)\Microsoft Visual Studio 10.0\VC\bin\CL.exe /c /ZI /nologo /W3 /WX- /Od /Oy- /D WIN32 /D _DEBUG /D _CONSOLE /D _UNICODE /D UNICODE /Gm /EHsc /RTC1 /MDd /GS /fp:precise /Zc:wchar_t /Zc:forScope /Fo"Debug\\" /Fd"Debug\vc100.pdb" /Gd /TP /analyze- /errorReport:prompt TransformData.cpp
         TransformData.cpp
     1>e:\internetfiles\yandexdisk\!\visual studio 2010\projects_c++\neuralnetwork\transformdata\transformdata.cpp(494): warning C4996: 'fopen': This function or variable may be unsafe. Consider using fopen_s instead. To disable deprecation, use _CRT_SECURE_NO_WARNINGS. See online help for details.
                 c:\program files (x86)\microsoft visual studio 10.0\vc\include\stdio.h(234) : see declaration of 'fopen'
       ManifestResourceCompile:
         All outputs are up-to-date.
       Link:
         C:\Program Files (x86)\Microsoft Visual Studio 10.0\VC\bin\link.exe /ERRORREPORT:PROMPT /OUT:"E:\InternetFiles\YandexDisk\!\Visual Studio 2010\Projects_C++\NeuralNetwork\Debug\TransformData.exe" /INCREMENTAL /NOLOGO kernel32.lib user32.lib gdi32.lib winspool.lib comdlg32.lib advapi32.lib shell32.lib ole32.lib oleaut32.lib uuid.lib odbc32.lib odbccp32.lib /MANIFEST /ManifestFile:"Debug\TransformData.exe.intermediate.manifest" /MANIFESTUAC:"level='asInvoker' uiAccess='false'" /DEBUG /PDB:"E:\InternetFiles\YandexDisk\!\Visual Studio 2010\Projects_C++\NeuralNetwork\Debug\TransformData.pdb" /SUBSYSTEM:CONSOLE /TLBID:1 /DYNAMICBASE /NXCOMPAT /IMPLIB:"E:\InternetFiles\YandexDisk\!\Visual Studio 2010\Projects_C++\NeuralNetwork\Debug\TransformData.lib" /MACHINE:X86 Debug\TransformData.exe.embed.manifest.res
         Debug\SolarDataStructures.obj
         Debug\TransformData.obj
       Manifest:
         C:\Program Files (x86)\Microsoft SDKs\Windows\v7.0A\bin\mt.exe /nologo /verbose /out:"Debug\TransformData.exe.embed.manifest" /manifest Debug\TransformData.exe.intermediate.manifest
         All outputs are up-to-date.
       LinkEmbedManifest:
         All outputs are up-to-date.
         TransformData.vcxproj -> E:\InternetFiles\YandexDisk\!\Visual Studio 2010\Projects_C++\NeuralNetwork\Debug\TransformData.exe
       FinalizeBuildStatus:
         Deleting file "Debug\TransformData.unsuccessfulbuild".
         Touching "Debug\TransformData.lastbuildstate".
     1>Done Building Project "E:\InternetFiles\YandexDisk\!\Visual Studio 2010\Projects_C++\NeuralNetwork\TransformData\TransformData.vcxproj" (build target(s)).

Build succeeded.

Time Elapsed 00:00:01.26
